<?xml version="1.0" encoding="UTF-8"?>
<!-- Generated by org.testng.reporters.JUnitReportReporter -->
<testsuite skipped="0" hostname="LP-PF2WL6SW" name="runner.Runn1" tests="1" failures="0" timestamp="28 Jul 2021 10:04:28 GMT" time="11.327" errors="0">
  <testcase name="feature" time="11.327" classname="runner.Runn1"/>
</testsuite> <!-- runner.Runn1 -->
