<?xml version="1.0" encoding="UTF-8"?>
<!-- Generated by org.testng.reporters.JUnitReportReporter -->
<testsuite hostname="LP-PF2WL6SW" failures="0" tests="1" name="DowonloadFile" time="4.716" errors="0" timestamp="26 Jul 2021 07:26:54 GMT" skipped="0">
  <testcase classname="DowonloadFile" name="dloadTest" time="4.716"/>
</testsuite> <!-- DowonloadFile -->
