<?xml version="1.0" encoding="UTF-8"?>
<!-- Generated by org.testng.reporters.JUnitReportReporter -->
<testsuite hostname="LP-PF2WL6SW" failures="0" tests="1" name="Demo1" time="7.686" errors="0" timestamp="25 Jul 2021 12:38:22 GMT" skipped="0">
  <testcase classname="Demo1" name="m1Test" time="7.686"/>
</testsuite> <!-- Demo1 -->
